<?xml version="1.0" encoding="UTF-8"?>
<!-- Generated by org.testng.reporters.JUnitXMLReporter -->
<testsuite hostname="LAPTOP-3LHJJMDS" ignored="0" name="Surefire test" tests="2" failures="0" timestamp="2021-08-24T05:26:02 EDT" time="36.63" errors="0">
  <testcase name="runScenario" time="24.56" classname="io.cucumber.testng.AbstractTestNGCucumberTests"/>
  <testcase name="runScenario" time="11.774" classname="io.cucumber.testng.AbstractTestNGCucumberTests"/>
</testsuite> <!-- Surefire test -->
